<html>
<head>
<title>TestNG:  Surefire test</title>
<link href="../testng.css" rel="stylesheet" type="text/css" />
<link href="../my-testng.css" rel="stylesheet" type="text/css" />

<style type="text/css">
.log { display: none;} 
.stack-trace { display: none;} 
</style>
<script type="text/javascript">
<!--
function flip(e) {
  current = e.style.display;
  if (current == 'block') {
    e.style.display = 'none';
    return 0;
  }
  else {
    e.style.display = 'block';
    return 1;
  }
}

function toggleBox(szDivId, elem, msg1, msg2)
{
  var res = -1;  if (document.getElementById) {
    res = flip(document.getElementById(szDivId));
  }
  else if (document.all) {
    // this is the way old msie versions work
    res = flip(document.all[szDivId]);
  }
  if(elem) {
    if(res == 0) elem.innerHTML = msg1; else elem.innerHTML = msg2;
  }

}

function toggleAllBoxes() {
  if (document.getElementsByTagName) {
    d = document.getElementsByTagName('div');
    for (i = 0; i < d.length; i++) {
      if (d[i].className == 'log') {
        flip(d[i]);
      }
    }
  }
}

// -->
</script>

</head>
<body>
<h2 align='center'>Surefire test</h2><table border='1' align="center">
<tr>
<td>Tests passed/Failed/Skipped:</td><td>16/3/0</td>
</tr><tr>
<td>Started on:</td><td>Tue Aug 09 17:36:27 EET 2022</td>
</tr>
<tr><td>Total time:</td><td>382 seconds (382876 ms)</td>
</tr><tr>
<td>Included groups:</td><td></td>
</tr><tr>
<td>Excluded groups:</td><td></td>
</tr>
</table><p/>
<small><i>(Hover the method name to see the test class name)</i></small><p/>
<table width='100%' border='1' class='invocation-failed'>
<tr><td colspan='4' align='center'><b>FAILED TESTS</b></td></tr>
<tr><td><b>Test method</b></td>
<td width="30%"><b>Exception</b></td>
<td width="10%"><b>Time (seconds)</b></td>
<td><b>Instance</b></td>
</tr>
<tr>
<td title='org.example.testRunner.Runners.runScenario()'><b>runScenario</b><br>Test class: org.example.testRunner.Runners<br>Test method: Runs Cucumber Scenarios<br>Parameters: "user opens rss link", "F07_followUs | users could open followUs links"</td>
<td><div><pre>java.lang.AssertionError: expected [https://demo.nopcommerce.com/new-online-store-is-open] but found [https://demo.nopcommerce.com/news/rss/1]
	at org.example.stepDefs.D07_followUsStepDef.assertOPenedURL(D07_followUsStepDef.java:60)
	at ?.&quot;https://demo.nopcommerce.com/new-online-store-is-open&quot; is opened in new tab(file:///G:/Work/Selemuim/Projects/NopcommerceAutomationProject/src/main/resources/features/F07_followUs.feature:20)
... Removed 6 stack frames</pre></div><a href='#' onClick='toggleBox("stack-trace481947474", this, "Click to show all stack frames", "Click to hide stack frames")'>Click to show all stack frames</a>
<div class='stack-trace' id='stack-trace481947474'><pre>java.lang.AssertionError: expected [https://demo.nopcommerce.com/new-online-store-is-open] but found [https://demo.nopcommerce.com/news/rss/1]
	at org.testng.Assert.fail(Assert.java:110)
	at org.testng.Assert.failNotEquals(Assert.java:1413)
	at org.testng.Assert.assertEqualsImpl(Assert.java:149)
	at org.testng.Assert.assertEquals(Assert.java:131)
	at org.testng.Assert.assertEquals(Assert.java:655)
	at org.testng.Assert.assertEquals(Assert.java:665)
	at org.example.stepDefs.D07_followUsStepDef.assertOPenedURL(D07_followUsStepDef.java:60)
	at ?.&quot;https://demo.nopcommerce.com/new-online-store-is-open&quot; is opened in new tab(file:///G:/Work/Selemuim/Projects/NopcommerceAutomationProject/src/main/resources/features/F07_followUs.feature:20)
</pre></div></td>
<td>16</td>
<td>org.example.testRunner.Runners@36b4cef0</td></tr>
<tr>
<td title='org.example.testRunner.Runners.runScenario()'><b>runScenario</b><br>Test class: org.example.testRunner.Runners<br>Test method: Runs Cucumber Scenarios<br>Parameters: "user click on slider one Nokia1020", "F06_Home Slider | users could slide between two slider (Nokia1020 and Iphone) successfully"</td>
<td><div><pre>java.lang.AssertionError: The following asserts failed:
	expected [https://demo.nopcommerce.com/nokia-lumia-1020] but found [https://demo.nopcommerce.com/]
	at org.example.stepDefs.D06_homeSlidersStepDef.asserCurrenURL(D06_homeSlidersStepDef.java:24)
	at ?.user should navigate to clickable URL &quot;Nokia1020&quot;(file:///G:/Work/Selemuim/Projects/NopcommerceAutomationProject/src/main/resources/features/F06_homeSliders.feature:6)
... Removed 2 stack frames</pre></div><a href='#' onClick='toggleBox("stack-trace1692481404", this, "Click to show all stack frames", "Click to hide stack frames")'>Click to show all stack frames</a>
<div class='stack-trace' id='stack-trace1692481404'><pre>java.lang.AssertionError: The following asserts failed:
	expected [https://demo.nopcommerce.com/nokia-lumia-1020] but found [https://demo.nopcommerce.com/]
	at org.testng.asserts.SoftAssert.assertAll(SoftAssert.java:46)
	at org.testng.asserts.SoftAssert.assertAll(SoftAssert.java:30)
	at org.example.stepDefs.D06_homeSlidersStepDef.asserCurrenURL(D06_homeSlidersStepDef.java:24)
	at ?.user should navigate to clickable URL &quot;Nokia1020&quot;(file:///G:/Work/Selemuim/Projects/NopcommerceAutomationProject/src/main/resources/features/F06_homeSliders.feature:6)
</pre></div></td>
<td>11</td>
<td>org.example.testRunner.Runners@36b4cef0</td></tr>
<tr>
<td title='org.example.testRunner.Runners.runScenario()'><b>runScenario</b><br>Test class: org.example.testRunner.Runners<br>Test method: Runs Cucumber Scenarios<br>Parameters: "user click on slider one Iphone", "F06_Home Slider | users could slide between two slider (Nokia1020 and Iphone) successfully"</td>
<td><div><pre>java.lang.AssertionError: The following asserts failed:
	expected [https://demo.nopcommerce.com/iphone-6] but found [https://demo.nopcommerce.com/]
	at org.example.stepDefs.D06_homeSlidersStepDef.asserCurrenURL(D06_homeSlidersStepDef.java:28)
	at ?.user should navigate to clickable URL &quot;Iphone&quot;(file:///G:/Work/Selemuim/Projects/NopcommerceAutomationProject/src/main/resources/features/F06_homeSliders.feature:10)
... Removed 2 stack frames</pre></div><a href='#' onClick='toggleBox("stack-trace2124562732", this, "Click to show all stack frames", "Click to hide stack frames")'>Click to show all stack frames</a>
<div class='stack-trace' id='stack-trace2124562732'><pre>java.lang.AssertionError: The following asserts failed:
	expected [https://demo.nopcommerce.com/iphone-6] but found [https://demo.nopcommerce.com/]
	at org.testng.asserts.SoftAssert.assertAll(SoftAssert.java:46)
	at org.testng.asserts.SoftAssert.assertAll(SoftAssert.java:30)
	at org.example.stepDefs.D06_homeSlidersStepDef.asserCurrenURL(D06_homeSlidersStepDef.java:28)
	at ?.user should navigate to clickable URL &quot;Iphone&quot;(file:///G:/Work/Selemuim/Projects/NopcommerceAutomationProject/src/main/resources/features/F06_homeSliders.feature:10)
</pre></div></td>
<td>19</td>
<td>org.example.testRunner.Runners@36b4cef0</td></tr>
</table><p>
<table width='100%' border='1' class='invocation-passed'>
<tr><td colspan='4' align='center'><b>PASSED TESTS</b></td></tr>
<tr><td><b>Test method</b></td>
<td width="30%"><b>Exception</b></td>
<td width="10%"><b>Time (seconds)</b></td>
<td><b>Instance</b></td>
</tr>
<tr>
<td title='org.example.testRunner.Runners.runScenario()'><b>runScenario</b><br>Test class: org.example.testRunner.Runners<br>Test method: Runs Cucumber Scenarios<br>Parameters: "user could search using product name", "F04_Search | users could use search functionality to get product successfully"</td>
<td></td>
<td>14</td>
<td>org.example.testRunner.Runners@36b4cef0</td></tr>
<tr>
<td title='org.example.testRunner.Runners.runScenario()'><b>runScenario</b><br>Test class: org.example.testRunner.Runners<br>Test method: Runs Cucumber Scenarios<br>Parameters: "user could search using product name using sku", "F04_Search | users could use search functionality to get product successfully"</td>
<td></td>
<td>19</td>
<td>org.example.testRunner.Runners@36b4cef0</td></tr>
<tr>
<td title='org.example.testRunner.Runners.runScenario()'><b>runScenario</b><br>Test class: org.example.testRunner.Runners<br>Test method: Runs Cucumber Scenarios<br>Parameters: "user opens youtube link", "F07_followUs | users could open followUs links"</td>
<td></td>
<td>32</td>
<td>org.example.testRunner.Runners@36b4cef0</td></tr>
<tr>
<td title='org.example.testRunner.Runners.runScenario()'><b>runScenario</b><br>Test class: org.example.testRunner.Runners<br>Test method: Runs Cucumber Scenarios<br>Parameters: "user opens facebook link", "F07_followUs | users could open followUs links"</td>
<td></td>
<td>34</td>
<td>org.example.testRunner.Runners@36b4cef0</td></tr>
<tr>
<td title='org.example.testRunner.Runners.runScenario()'><b>runScenario</b><br>Test class: org.example.testRunner.Runners<br>Test method: Runs Cucumber Scenarios<br>Parameters: "user add product on wishlist", "F08_Wishlist | users could add product on Wishlist"</td>
<td></td>
<td>13</td>
<td>org.example.testRunner.Runners@36b4cef0</td></tr>
<tr>
<td title='org.example.testRunner.Runners.runScenario()'><b>runScenario</b><br>Test class: org.example.testRunner.Runners<br>Test method: Runs Cucumber Scenarios<br>Parameters: "user opens twitter link", "F07_followUs | users could open followUs links"</td>
<td></td>
<td>27</td>
<td>org.example.testRunner.Runners@36b4cef0</td></tr>
<tr>
<td title='org.example.testRunner.Runners.runScenario()'><b>runScenario</b><br>Test class: org.example.testRunner.Runners<br>Test method: Runs Cucumber Scenarios<br>Parameters: "user could search using product name using sku", "F04_Search | users could use search functionality to get product successfully"</td>
<td></td>
<td>18</td>
<td>org.example.testRunner.Runners@36b4cef0</td></tr>
<tr>
<td title='org.example.testRunner.Runners.runScenario()'><b>runScenario</b><br>Test class: org.example.testRunner.Runners<br>Test method: Runs Cucumber Scenarios<br>Parameters: "guest user could change Currencies successfully", "F03_Currencies | user can change Currencies"</td>
<td></td>
<td>12</td>
<td>org.example.testRunner.Runners@36b4cef0</td></tr>
<tr>
<td title='org.example.testRunner.Runners.runScenario()'><b>runScenario</b><br>Test class: org.example.testRunner.Runners<br>Test method: Runs Cucumber Scenarios<br>Parameters: "user open wishlist page", "F08_Wishlist | users could add product on Wishlist"</td>
<td></td>
<td>21</td>
<td>org.example.testRunner.Runners@36b4cef0</td></tr>
<tr>
<td title='org.example.testRunner.Runners.runScenario()'><b>runScenario</b><br>Test class: org.example.testRunner.Runners<br>Test method: Runs Cucumber Scenarios<br>Parameters: "user could login with invalid email and password", "F02_Login | users could use login functionality to use their accounts"</td>
<td></td>
<td>14</td>
<td>org.example.testRunner.Runners@36b4cef0</td></tr>
<tr>
<td title='org.example.testRunner.Runners.runScenario()'><b>runScenario</b><br>Test class: org.example.testRunner.Runners<br>Test method: Runs Cucumber Scenarios<br>Parameters: "user could search using product name", "F04_Search | users could use search functionality to get product successfully"</td>
<td></td>
<td>13</td>
<td>org.example.testRunner.Runners@36b4cef0</td></tr>
<tr>
<td title='org.example.testRunner.Runners.runScenario()'><b>runScenario</b><br>Test class: org.example.testRunner.Runners<br>Test method: Runs Cucumber Scenarios<br>Parameters: "user  hover on one of main categories then click on", "F05_HoverCategories | users could over Categories and select one of sub options successfully"</td>
<td></td>
<td>24</td>
<td>org.example.testRunner.Runners@36b4cef0</td></tr>
<tr>
<td title='org.example.testRunner.Runners.runScenario()'><b>runScenario</b><br>Test class: org.example.testRunner.Runners<br>Test method: Runs Cucumber Scenarios<br>Parameters: "user could search using product name", "F04_Search | users could use search functionality to get product successfully"</td>
<td></td>
<td>15</td>
<td>org.example.testRunner.Runners@36b4cef0</td></tr>
<tr>
<td title='org.example.testRunner.Runners.runScenario()'><b>runScenario</b><br>Test class: org.example.testRunner.Runners<br>Test method: Runs Cucumber Scenarios<br>Parameters: "user could search using product name using sku", "F04_Search | users could use search functionality to get product successfully"</td>
<td></td>
<td>19</td>
<td>org.example.testRunner.Runners@36b4cef0</td></tr>
<tr>
<td title='org.example.testRunner.Runners.runScenario()'><b>runScenario</b><br>Test class: org.example.testRunner.Runners<br>Test method: Runs Cucumber Scenarios<br>Parameters: "guest user could register with valid data successfully", "F01_Register | users could register with new accounts"</td>
<td></td>
<td>36</td>
<td>org.example.testRunner.Runners@36b4cef0</td></tr>
<tr>
<td title='org.example.testRunner.Runners.runScenario()'><b>runScenario</b><br>Test class: org.example.testRunner.Runners<br>Test method: Runs Cucumber Scenarios<br>Parameters: "user could login with valid email and password", "F02_Login | users could use login functionality to use their accounts"</td>
<td></td>
<td>16</td>
<td>org.example.testRunner.Runners@36b4cef0</td></tr>
</table><p>
</body>
</html>